2025-05-01 13:49:45 [restartedMain] INFO  h.s.SpringBootRestBasicApplication - Starting SpringBootRestBasicApplication using Java 21.0.4 with PID 10924 (C:\Users\Mi\Desktop\유레카\spring\SpringBootRestBasic\build\classes\java\main started by Mi in C:\Users\Mi\Desktop\유레카\spring\SpringBootRestBasic)
2025-05-01 13:49:45 [restartedMain] DEBUG h.s.SpringBootRestBasicApplication - Running with Spring Boot v3.4.5, Spring v6.2.6
2025-05-01 13:49:45 [restartedMain] INFO  h.s.SpringBootRestBasicApplication - No active profile set, falling back to 1 default profile: "default"
2025-05-01 13:49:45 [restartedMain] INFO  o.s.b.d.e.DevToolsPropertyDefaultsPostProcessor - Devtools property defaults active! Set 'spring.devtools.add-properties' to 'false' to disable
2025-05-01 13:49:45 [restartedMain] INFO  o.s.b.d.e.DevToolsPropertyDefaultsPostProcessor - For additional web related logging consider setting the 'logging.level.web' property to 'DEBUG'
2025-05-01 13:49:48 [restartedMain] INFO  o.s.d.r.c.RepositoryConfigurationDelegate - Bootstrapping Spring Data JPA repositories in DEFAULT mode.
2025-05-01 13:49:49 [restartedMain] INFO  o.s.d.r.c.RepositoryConfigurationDelegate - Finished Spring Data repository scanning in 188 ms. Found 1 JPA repository interface.
2025-05-01 13:49:50 [restartedMain] INFO  o.s.b.w.e.tomcat.TomcatWebServer - Tomcat initialized with port 8080 (http)
2025-05-01 13:49:51 [restartedMain] INFO  o.s.b.w.s.c.ServletWebServerApplicationContext - Root WebApplicationContext: initialization completed in 5722 ms
2025-05-01 13:49:55 [restartedMain] INFO  o.s.o.j.p.SpringPersistenceUnitInfo - No LoadTimeWeaver setup: ignoring JPA class transformer
2025-05-01 13:49:59 [restartedMain] INFO  o.s.o.j.LocalContainerEntityManagerFactoryBean - Initialized JPA EntityManagerFactory for persistence unit 'default'
2025-05-01 13:50:00 [restartedMain] INFO  o.s.v.b.OptionalValidatorFactoryBean - Failed to set up a Bean Validation provider: jakarta.validation.NoProviderFoundException: Unable to create a Configuration, because no Jakarta Bean Validation provider could be found. Add a provider like Hibernate Validator (RI) to your classpath.
2025-05-01 13:50:01 [restartedMain] INFO  o.s.b.d.a.OptionalLiveReloadServer - LiveReload server is running on port 35729
2025-05-01 13:50:01 [restartedMain] INFO  o.s.b.w.e.tomcat.TomcatWebServer - Tomcat started on port 8080 (http) with context path '/'
2025-05-01 13:50:01 [restartedMain] INFO  h.s.SpringBootRestBasicApplication - Started SpringBootRestBasicApplication in 18.622 seconds (process running for 23.42)
2025-05-01 13:52:50 [http-nio-8080-exec-2] INFO  o.s.web.servlet.DispatcherServlet - Initializing Servlet 'dispatcherServlet'
2025-05-01 13:52:50 [http-nio-8080-exec-2] INFO  o.s.web.servlet.DispatcherServlet - Completed initialization in 13 ms
2025-05-01 13:52:50 [http-nio-8080-exec-2] DEBUG h.s.controller.StudentControllerCrud - listStudent() debug
2025-05-01 13:52:50 [http-nio-8080-exec-2] INFO  h.s.controller.StudentControllerCrud - listStudent() debug
2025-05-01 13:52:50 [http-nio-8080-exec-2] WARN  h.s.controller.StudentControllerCrud - listStudent() debug
2025-05-01 13:53:06 [SpringApplicationShutdownHook] INFO  o.s.b.w.e.tomcat.GracefulShutdown - Commencing graceful shutdown. Waiting for active requests to complete
2025-05-01 13:53:06 [tomcat-shutdown] INFO  o.s.b.w.e.tomcat.GracefulShutdown - Graceful shutdown complete
2025-05-01 13:53:06 [SpringApplicationShutdownHook] INFO  o.s.o.j.LocalContainerEntityManagerFactoryBean - Closing JPA EntityManagerFactory for persistence unit 'default'
2025-05-01 14:23:24 [restartedMain] INFO  h.s.SpringBootRestBasicApplication - Starting SpringBootRestBasicApplication using Java 21.0.4 with PID 26088 (C:\Users\Mi\Desktop\유레카\spring\SpringBootRestBasic\build\classes\java\main started by Mi in C:\Users\Mi\Desktop\유레카\spring\SpringBootRestBasic)
2025-05-01 14:23:24 [restartedMain] DEBUG h.s.SpringBootRestBasicApplication - Running with Spring Boot v3.4.5, Spring v6.2.6
2025-05-01 14:23:24 [restartedMain] INFO  h.s.SpringBootRestBasicApplication - No active profile set, falling back to 1 default profile: "default"
2025-05-01 14:23:24 [restartedMain] INFO  o.s.b.d.e.DevToolsPropertyDefaultsPostProcessor - Devtools property defaults active! Set 'spring.devtools.add-properties' to 'false' to disable
2025-05-01 14:23:24 [restartedMain] INFO  o.s.b.d.e.DevToolsPropertyDefaultsPostProcessor - For additional web related logging consider setting the 'logging.level.web' property to 'DEBUG'
2025-05-01 14:23:26 [restartedMain] INFO  o.s.d.r.c.RepositoryConfigurationDelegate - Bootstrapping Spring Data JPA repositories in DEFAULT mode.
2025-05-01 14:23:26 [restartedMain] INFO  o.s.d.r.c.RepositoryConfigurationDelegate - Finished Spring Data repository scanning in 95 ms. Found 1 JPA repository interface.
2025-05-01 14:23:30 [restartedMain] INFO  o.s.b.w.e.tomcat.TomcatWebServer - Tomcat initialized with port 8080 (http)
2025-05-01 14:23:30 [restartedMain] INFO  o.s.b.w.s.c.ServletWebServerApplicationContext - Root WebApplicationContext: initialization completed in 5849 ms
2025-05-01 14:23:36 [restartedMain] INFO  o.s.o.j.p.SpringPersistenceUnitInfo - No LoadTimeWeaver setup: ignoring JPA class transformer
2025-05-01 14:23:39 [restartedMain] INFO  o.s.o.j.LocalContainerEntityManagerFactoryBean - Initialized JPA EntityManagerFactory for persistence unit 'default'
2025-05-01 14:23:41 [restartedMain] INFO  o.s.v.b.OptionalValidatorFactoryBean - Failed to set up a Bean Validation provider: jakarta.validation.NoProviderFoundException: Unable to create a Configuration, because no Jakarta Bean Validation provider could be found. Add a provider like Hibernate Validator (RI) to your classpath.
2025-05-01 14:23:43 [restartedMain] INFO  o.s.b.d.a.OptionalLiveReloadServer - LiveReload server is running on port 35729
2025-05-01 14:23:43 [restartedMain] INFO  o.s.b.w.e.tomcat.TomcatWebServer - Tomcat started on port 8080 (http) with context path '/'
2025-05-01 14:23:43 [restartedMain] INFO  h.s.SpringBootRestBasicApplication - Started SpringBootRestBasicApplication in 19.441 seconds (process running for 25.813)
2025-05-01 14:27:15 [File Watcher] INFO  o.s.b.d.a.LocalDevToolsAutoConfiguration$RestartingClassPathChangeChangedEventListener - Restarting due to 1 class path change (0 additions, 1 deletion, 0 modifications)
2025-05-01 14:27:15 [Thread-5] INFO  o.s.b.w.e.tomcat.GracefulShutdown - Commencing graceful shutdown. Waiting for active requests to complete
2025-05-01 14:27:15 [tomcat-shutdown] INFO  o.s.b.w.e.tomcat.GracefulShutdown - Graceful shutdown complete
2025-05-01 14:27:15 [Thread-5] INFO  o.s.o.j.LocalContainerEntityManagerFactoryBean - Closing JPA EntityManagerFactory for persistence unit 'default'
2025-05-01 14:27:16 [restartedMain] INFO  h.s.SpringBootRestBasicApplication - Starting SpringBootRestBasicApplication using Java 21.0.4 with PID 26088 (C:\Users\Mi\Desktop\유레카\spring\SpringBootRestBasic\build\classes\java\main started by Mi in C:\Users\Mi\Desktop\유레카\spring\SpringBootRestBasic)
2025-05-01 14:27:16 [restartedMain] DEBUG h.s.SpringBootRestBasicApplication - Running with Spring Boot v3.4.5, Spring v6.2.6
2025-05-01 14:27:16 [restartedMain] INFO  h.s.SpringBootRestBasicApplication - No active profile set, falling back to 1 default profile: "default"
2025-05-01 14:27:16 [restartedMain] INFO  o.s.d.r.c.RepositoryConfigurationDelegate - Bootstrapping Spring Data JPA repositories in DEFAULT mode.
2025-05-01 14:27:17 [restartedMain] INFO  o.s.d.r.c.RepositoryConfigurationDelegate - Finished Spring Data repository scanning in 17 ms. Found 1 JPA repository interface.
2025-05-01 14:27:17 [restartedMain] INFO  o.s.b.w.e.tomcat.TomcatWebServer - Tomcat initialized with port 8080 (http)
2025-05-01 14:27:17 [restartedMain] INFO  o.s.b.w.s.c.ServletWebServerApplicationContext - Root WebApplicationContext: initialization completed in 1339 ms
2025-05-01 14:27:17 [restartedMain] INFO  o.s.o.j.p.SpringPersistenceUnitInfo - No LoadTimeWeaver setup: ignoring JPA class transformer
2025-05-01 14:27:18 [restartedMain] INFO  o.s.o.j.LocalContainerEntityManagerFactoryBean - Initialized JPA EntityManagerFactory for persistence unit 'default'
2025-05-01 14:27:18 [restartedMain] INFO  o.s.v.b.OptionalValidatorFactoryBean - Failed to set up a Bean Validation provider: jakarta.validation.NoProviderFoundException: Unable to create a Configuration, because no Jakarta Bean Validation provider could be found. Add a provider like Hibernate Validator (RI) to your classpath.
2025-05-01 14:27:20 [restartedMain] INFO  o.s.b.d.a.OptionalLiveReloadServer - LiveReload server is running on port 35729
2025-05-01 14:27:20 [restartedMain] INFO  o.s.b.w.e.tomcat.TomcatWebServer - Tomcat started on port 8080 (http) with context path '/'
2025-05-01 14:27:20 [restartedMain] INFO  h.s.SpringBootRestBasicApplication - Started SpringBootRestBasicApplication in 4.11 seconds (process running for 242.697)
2025-05-01 14:27:20 [restartedMain] INFO  o.s.b.d.a.ConditionEvaluationDeltaLoggingListener - Condition evaluation unchanged
2025-05-01 14:27:21 [File Watcher] INFO  o.s.b.d.a.LocalDevToolsAutoConfiguration$RestartingClassPathChangeChangedEventListener - Restarting due to 2 class path changes (2 additions, 0 deletions, 0 modifications)
2025-05-01 14:27:21 [Thread-7] INFO  o.s.b.w.e.tomcat.GracefulShutdown - Commencing graceful shutdown. Waiting for active requests to complete
2025-05-01 14:27:21 [tomcat-shutdown] INFO  o.s.b.w.e.tomcat.GracefulShutdown - Graceful shutdown complete
2025-05-01 14:27:21 [Thread-7] INFO  o.s.o.j.LocalContainerEntityManagerFactoryBean - Closing JPA EntityManagerFactory for persistence unit 'default'
2025-05-01 14:27:22 [restartedMain] INFO  h.s.SpringBootRestBasicApplication - Starting SpringBootRestBasicApplication using Java 21.0.4 with PID 26088 (C:\Users\Mi\Desktop\유레카\spring\SpringBootRestBasic\build\classes\java\main started by Mi in C:\Users\Mi\Desktop\유레카\spring\SpringBootRestBasic)
2025-05-01 14:27:22 [restartedMain] DEBUG h.s.SpringBootRestBasicApplication - Running with Spring Boot v3.4.5, Spring v6.2.6
2025-05-01 14:27:22 [restartedMain] INFO  h.s.SpringBootRestBasicApplication - No active profile set, falling back to 1 default profile: "default"
2025-05-01 14:27:25 [restartedMain] INFO  o.s.d.r.c.RepositoryConfigurationDelegate - Bootstrapping Spring Data JPA repositories in DEFAULT mode.
2025-05-01 14:27:25 [restartedMain] INFO  o.s.d.r.c.RepositoryConfigurationDelegate - Finished Spring Data repository scanning in 74 ms. Found 1 JPA repository interface.
2025-05-01 14:27:26 [restartedMain] INFO  o.s.b.w.e.tomcat.TomcatWebServer - Tomcat initialized with port 8080 (http)
2025-05-01 14:27:26 [restartedMain] INFO  o.s.b.w.s.c.ServletWebServerApplicationContext - Root WebApplicationContext: initialization completed in 3999 ms
2025-05-01 14:27:26 [restartedMain] INFO  o.s.o.j.p.SpringPersistenceUnitInfo - No LoadTimeWeaver setup: ignoring JPA class transformer
2025-05-01 14:27:26 [restartedMain] INFO  o.s.o.j.LocalContainerEntityManagerFactoryBean - Initialized JPA EntityManagerFactory for persistence unit 'default'
2025-05-01 14:27:27 [restartedMain] INFO  o.s.v.b.OptionalValidatorFactoryBean - Failed to set up a Bean Validation provider: jakarta.validation.NoProviderFoundException: Unable to create a Configuration, because no Jakarta Bean Validation provider could be found. Add a provider like Hibernate Validator (RI) to your classpath.
2025-05-01 14:27:32 [restartedMain] INFO  o.s.b.d.a.OptionalLiveReloadServer - LiveReload server is running on port 35729
2025-05-01 14:27:32 [restartedMain] INFO  o.s.b.w.e.tomcat.TomcatWebServer - Tomcat started on port 8080 (http) with context path '/'
2025-05-01 14:27:32 [restartedMain] INFO  h.s.SpringBootRestBasicApplication - Started SpringBootRestBasicApplication in 10.658 seconds (process running for 255.064)
2025-05-01 14:27:32 [restartedMain] INFO  o.s.b.d.a.ConditionEvaluationDeltaLoggingListener - Condition evaluation unchanged
2025-05-01 14:27:49 [File Watcher] INFO  o.s.b.d.a.LocalDevToolsAutoConfiguration$RestartingClassPathChangeChangedEventListener - Restarting due to 6 class path changes (1 addition, 0 deletions, 5 modifications)
2025-05-01 14:27:49 [Thread-11] INFO  o.s.b.w.e.tomcat.GracefulShutdown - Commencing graceful shutdown. Waiting for active requests to complete
2025-05-01 14:27:49 [tomcat-shutdown] INFO  o.s.b.w.e.tomcat.GracefulShutdown - Graceful shutdown complete
2025-05-01 14:27:49 [Thread-11] INFO  o.s.o.j.LocalContainerEntityManagerFactoryBean - Closing JPA EntityManagerFactory for persistence unit 'default'
2025-05-01 14:27:49 [restartedMain] INFO  h.s.SpringBootRestBasicApplication - Starting SpringBootRestBasicApplication using Java 21.0.4 with PID 26088 (C:\Users\Mi\Desktop\유레카\spring\SpringBootRestBasic\build\classes\java\main started by Mi in C:\Users\Mi\Desktop\유레카\spring\SpringBootRestBasic)
2025-05-01 14:27:49 [restartedMain] DEBUG h.s.SpringBootRestBasicApplication - Running with Spring Boot v3.4.5, Spring v6.2.6
2025-05-01 14:27:49 [restartedMain] INFO  h.s.SpringBootRestBasicApplication - No active profile set, falling back to 1 default profile: "default"
2025-05-01 14:27:50 [restartedMain] INFO  o.s.d.r.c.RepositoryConfigurationDelegate - Bootstrapping Spring Data JPA repositories in DEFAULT mode.
2025-05-01 14:27:50 [restartedMain] INFO  o.s.d.r.c.RepositoryConfigurationDelegate - Finished Spring Data repository scanning in 18 ms. Found 1 JPA repository interface.
2025-05-01 14:27:50 [restartedMain] INFO  o.s.b.w.e.tomcat.TomcatWebServer - Tomcat initialized with port 8080 (http)
2025-05-01 14:27:50 [restartedMain] INFO  o.s.b.w.s.c.ServletWebServerApplicationContext - Root WebApplicationContext: initialization completed in 1077 ms
2025-05-01 14:27:50 [restartedMain] INFO  o.s.o.j.p.SpringPersistenceUnitInfo - No LoadTimeWeaver setup: ignoring JPA class transformer
2025-05-01 14:27:50 [restartedMain] INFO  o.s.o.j.LocalContainerEntityManagerFactoryBean - Initialized JPA EntityManagerFactory for persistence unit 'default'
2025-05-01 14:27:51 [restartedMain] INFO  o.s.v.b.OptionalValidatorFactoryBean - Failed to set up a Bean Validation provider: jakarta.validation.NoProviderFoundException: Unable to create a Configuration, because no Jakarta Bean Validation provider could be found. Add a provider like Hibernate Validator (RI) to your classpath.
2025-05-01 14:27:51 [restartedMain] INFO  o.s.b.d.a.OptionalLiveReloadServer - LiveReload server is running on port 35729
2025-05-01 14:27:51 [restartedMain] INFO  o.s.b.w.e.tomcat.TomcatWebServer - Tomcat started on port 8080 (http) with context path '/'
2025-05-01 14:27:51 [restartedMain] INFO  h.s.SpringBootRestBasicApplication - Started SpringBootRestBasicApplication in 2.291 seconds (process running for 274.164)
2025-05-01 14:27:51 [restartedMain] INFO  o.s.b.d.a.ConditionEvaluationDeltaLoggingListener - Condition evaluation unchanged
2025-05-01 14:29:04 [SpringApplicationShutdownHook] INFO  o.s.b.w.e.tomcat.GracefulShutdown - Commencing graceful shutdown. Waiting for active requests to complete
2025-05-01 14:29:04 [tomcat-shutdown] INFO  o.s.b.w.e.tomcat.GracefulShutdown - Graceful shutdown complete
2025-05-01 14:29:04 [SpringApplicationShutdownHook] INFO  o.s.o.j.LocalContainerEntityManagerFactoryBean - Closing JPA EntityManagerFactory for persistence unit 'default'
2025-05-01 14:29:19 [restartedMain] INFO  h.s.SpringBootRestBasicApplication - Starting SpringBootRestBasicApplication using Java 21.0.4 with PID 25196 (C:\Users\Mi\Desktop\유레카\spring\SpringBootRestBasic\build\classes\java\main started by Mi in C:\Users\Mi\Desktop\유레카\spring\SpringBootRestBasic)
2025-05-01 14:29:19 [restartedMain] DEBUG h.s.SpringBootRestBasicApplication - Running with Spring Boot v3.4.5, Spring v6.2.6
2025-05-01 14:29:19 [restartedMain] INFO  h.s.SpringBootRestBasicApplication - No active profile set, falling back to 1 default profile: "default"
2025-05-01 14:29:19 [restartedMain] INFO  o.s.b.d.e.DevToolsPropertyDefaultsPostProcessor - Devtools property defaults active! Set 'spring.devtools.add-properties' to 'false' to disable
2025-05-01 14:29:19 [restartedMain] INFO  o.s.b.d.e.DevToolsPropertyDefaultsPostProcessor - For additional web related logging consider setting the 'logging.level.web' property to 'DEBUG'
2025-05-01 14:29:22 [restartedMain] INFO  o.s.d.r.c.RepositoryConfigurationDelegate - Bootstrapping Spring Data JPA repositories in DEFAULT mode.
2025-05-01 14:29:22 [restartedMain] INFO  o.s.d.r.c.RepositoryConfigurationDelegate - Finished Spring Data repository scanning in 124 ms. Found 1 JPA repository interface.
2025-05-01 14:29:24 [restartedMain] INFO  o.s.b.w.e.tomcat.TomcatWebServer - Tomcat initialized with port 8080 (http)
2025-05-01 14:29:24 [restartedMain] INFO  o.s.b.w.s.c.ServletWebServerApplicationContext - Root WebApplicationContext: initialization completed in 5085 ms
2025-05-01 14:29:29 [restartedMain] INFO  o.s.o.j.p.SpringPersistenceUnitInfo - No LoadTimeWeaver setup: ignoring JPA class transformer
2025-05-01 14:29:33 [restartedMain] INFO  o.s.o.j.LocalContainerEntityManagerFactoryBean - Initialized JPA EntityManagerFactory for persistence unit 'default'
2025-05-01 14:29:35 [restartedMain] INFO  o.s.v.b.OptionalValidatorFactoryBean - Failed to set up a Bean Validation provider: jakarta.validation.NoProviderFoundException: Unable to create a Configuration, because no Jakarta Bean Validation provider could be found. Add a provider like Hibernate Validator (RI) to your classpath.
2025-05-01 14:29:36 [restartedMain] INFO  o.s.b.d.a.OptionalLiveReloadServer - LiveReload server is running on port 35729
2025-05-01 14:29:37 [restartedMain] INFO  o.s.b.w.e.tomcat.TomcatWebServer - Tomcat started on port 8080 (http) with context path '/'
2025-05-01 14:29:37 [restartedMain] INFO  h.s.SpringBootRestBasicApplication - Started SpringBootRestBasicApplication in 18.609 seconds (process running for 22.946)
2025-05-01 14:30:00 [http-nio-8080-exec-1] INFO  o.s.web.servlet.DispatcherServlet - Initializing Servlet 'dispatcherServlet'
2025-05-01 14:30:00 [http-nio-8080-exec-1] INFO  o.s.web.servlet.DispatcherServlet - Completed initialization in 3 ms
2025-05-01 14:32:04 [http-nio-8080-exec-4] DEBUG h.s.controller.StudentControllerCrud - listStudent() debug
2025-05-01 14:32:04 [http-nio-8080-exec-4] INFO  h.s.controller.StudentControllerCrud - listStudent() debug
2025-05-01 14:32:04 [http-nio-8080-exec-4] WARN  h.s.controller.StudentControllerCrud - listStudent() debug
2025-05-01 14:32:15 [http-nio-8080-exec-6] DEBUG h.s.controller.StudentControllerCrud - listStudent() debug
2025-05-01 14:32:15 [http-nio-8080-exec-6] INFO  h.s.controller.StudentControllerCrud - listStudent() debug
2025-05-01 14:32:15 [http-nio-8080-exec-6] WARN  h.s.controller.StudentControllerCrud - listStudent() debug
2025-05-01 14:34:14 [http-nio-8080-exec-1] DEBUG h.s.controller.StudentControllerCrud - listStudent() debug
2025-05-01 14:34:14 [http-nio-8080-exec-1] INFO  h.s.controller.StudentControllerCrud - listStudent() debug
2025-05-01 14:34:14 [http-nio-8080-exec-1] WARN  h.s.controller.StudentControllerCrud - listStudent() debug
2025-05-01 14:36:05 [SpringApplicationShutdownHook] INFO  o.s.b.w.e.tomcat.GracefulShutdown - Commencing graceful shutdown. Waiting for active requests to complete
2025-05-01 14:36:05 [tomcat-shutdown] INFO  o.s.b.w.e.tomcat.GracefulShutdown - Graceful shutdown complete
2025-05-01 14:36:05 [SpringApplicationShutdownHook] INFO  o.s.o.j.LocalContainerEntityManagerFactoryBean - Closing JPA EntityManagerFactory for persistence unit 'default'
2025-05-01 14:36:20 [restartedMain] INFO  h.s.SpringBootRestBasicApplication - Starting SpringBootRestBasicApplication using Java 21.0.4 with PID 15708 (C:\Users\Mi\Desktop\유레카\spring\SpringBootRestBasic\build\classes\java\main started by Mi in C:\Users\Mi\Desktop\유레카\spring\SpringBootRestBasic)
2025-05-01 14:36:20 [restartedMain] DEBUG h.s.SpringBootRestBasicApplication - Running with Spring Boot v3.4.5, Spring v6.2.6
2025-05-01 14:36:20 [restartedMain] INFO  h.s.SpringBootRestBasicApplication - No active profile set, falling back to 1 default profile: "default"
2025-05-01 14:36:20 [restartedMain] INFO  o.s.b.d.e.DevToolsPropertyDefaultsPostProcessor - Devtools property defaults active! Set 'spring.devtools.add-properties' to 'false' to disable
2025-05-01 14:36:20 [restartedMain] INFO  o.s.b.d.e.DevToolsPropertyDefaultsPostProcessor - For additional web related logging consider setting the 'logging.level.web' property to 'DEBUG'
2025-05-01 14:36:22 [restartedMain] INFO  o.s.d.r.c.RepositoryConfigurationDelegate - Bootstrapping Spring Data JPA repositories in DEFAULT mode.
2025-05-01 14:36:23 [restartedMain] INFO  o.s.d.r.c.RepositoryConfigurationDelegate - Finished Spring Data repository scanning in 90 ms. Found 1 JPA repository interface.
2025-05-01 14:36:24 [restartedMain] INFO  o.s.b.w.e.tomcat.TomcatWebServer - Tomcat initialized with port 8080 (http)
2025-05-01 14:36:24 [restartedMain] INFO  o.s.b.w.s.c.ServletWebServerApplicationContext - Root WebApplicationContext: initialization completed in 4373 ms
2025-05-01 14:36:27 [restartedMain] INFO  o.s.o.j.p.SpringPersistenceUnitInfo - No LoadTimeWeaver setup: ignoring JPA class transformer
2025-05-01 14:36:31 [restartedMain] INFO  o.s.o.j.LocalContainerEntityManagerFactoryBean - Initialized JPA EntityManagerFactory for persistence unit 'default'
2025-05-01 14:36:33 [restartedMain] INFO  o.s.v.b.OptionalValidatorFactoryBean - Failed to set up a Bean Validation provider: jakarta.validation.NoProviderFoundException: Unable to create a Configuration, because no Jakarta Bean Validation provider could be found. Add a provider like Hibernate Validator (RI) to your classpath.
2025-05-01 14:36:34 [restartedMain] INFO  o.s.b.d.a.OptionalLiveReloadServer - LiveReload server is running on port 35729
2025-05-01 14:36:34 [restartedMain] INFO  o.s.b.w.e.tomcat.TomcatWebServer - Tomcat started on port 8080 (http) with context path '/'
2025-05-01 14:36:34 [restartedMain] INFO  h.s.SpringBootRestBasicApplication - Started SpringBootRestBasicApplication in 15.682 seconds (process running for 21.174)
2025-05-01 14:37:25 [http-nio-8080-exec-1] INFO  o.s.web.servlet.DispatcherServlet - Initializing Servlet 'dispatcherServlet'
2025-05-01 14:37:25 [http-nio-8080-exec-1] INFO  o.s.web.servlet.DispatcherServlet - Completed initialization in 13 ms
2025-05-01 14:37:34 [http-nio-8080-exec-5] DEBUG h.s.controller.StudentControllerCrud - listStudent() debug
2025-05-01 14:37:34 [http-nio-8080-exec-5] INFO  h.s.controller.StudentControllerCrud - listStudent() debug
2025-05-01 14:37:34 [http-nio-8080-exec-5] WARN  h.s.controller.StudentControllerCrud - listStudent() debug
2025-05-01 14:37:59 [http-nio-8080-exec-9] DEBUG h.s.controller.StudentControllerCrud - listStudent() debug
2025-05-01 14:37:59 [http-nio-8080-exec-9] INFO  h.s.controller.StudentControllerCrud - listStudent() debug
2025-05-01 14:37:59 [http-nio-8080-exec-9] WARN  h.s.controller.StudentControllerCrud - listStudent() debug
2025-05-01 14:37:59 [http-nio-8080-exec-9] INFO  h.springbootrestbasic.LoggingAspect - Username [aaa]가 Method: [findAll] 호출 (시각 : 2025-05-01T14:37:59.874455200)
2025-05-01 14:39:42 [SpringApplicationShutdownHook] INFO  o.s.b.w.e.tomcat.GracefulShutdown - Commencing graceful shutdown. Waiting for active requests to complete
2025-05-01 14:39:42 [tomcat-shutdown] INFO  o.s.b.w.e.tomcat.GracefulShutdown - Graceful shutdown complete
2025-05-01 14:39:42 [SpringApplicationShutdownHook] INFO  o.s.o.j.LocalContainerEntityManagerFactoryBean - Closing JPA EntityManagerFactory for persistence unit 'default'
